
[2016-10-26 15:00:59] compta.INFO: Matched route "home". {"route_parameters":{"_controller":"compta\\Controller\\HomeController::indexAction","_route":"home"},"request_uri":"http://localhost/compta/web/"} []
[2016-10-26 15:00:59] compta.INFO: > GET /compta/web/ [] []
[2016-10-26 15:02:45] compta.INFO: Matched route "home". {"route_parameters":{"_controller":"compta\\Controller\\HomeController::indexAction","_route":"home"},"request_uri":"http://localhost/compta/web/"} []
[2016-10-26 15:02:45] compta.INFO: > GET /compta/web/ [] []
[2016-10-26 15:07:23] compta.INFO: Matched route "home". {"route_parameters":{"_controller":"compta\\Controller\\HomeController::indexAction","_route":"home"},"request_uri":"http://localhost/compta/web/"} []
[2016-10-26 15:07:23] compta.INFO: > GET /compta/web/ [] []
[2016-10-26 15:07:24] compta.INFO: Matched route "home". {"route_parameters":{"_controller":"compta\\Controller\\HomeController::indexAction","_route":"home"},"request_uri":"http://localhost/compta/web/"} []
[2016-10-26 15:07:24] compta.INFO: > GET /compta/web/ [] []
[2016-10-26 15:07:25] compta.INFO: Matched route "home". {"route_parameters":{"_controller":"compta\\Controller\\HomeController::indexAction","_route":"home"},"request_uri":"http://localhost/compta/web/"} []
[2016-10-26 15:07:25] compta.INFO: > GET /compta/web/ [] []
[2016-10-26 15:10:28] compta.INFO: Matched route "home". {"route_parameters":{"_controller":"compta\\Controller\\HomeController::indexAction","_route":"home"},"request_uri":"http://localhost/compta/web/"} []
[2016-10-26 15:10:28] compta.INFO: > GET /compta/web/ [] []
[2016-10-26 15:16:03] compta.INFO: Matched route "home". {"route_parameters":{"_controller":"compta\\Controller\\HomeController::indexAction","_route":"home"},"request_uri":"http://localhost/compta/web/"} []
[2016-10-26 15:16:03] compta.INFO: > GET /compta/web/ [] []
[2016-10-26 16:02:06] compta.INFO: Matched route "home". {"route_parameters":{"_controller":"compta\\Controller\\HomeController::indexAction","_route":"home"},"request_uri":"http://localhost/compta/web/"} []
[2016-10-26 16:02:06] compta.INFO: > GET /compta/web/ [] []
[2016-10-26 16:02:43] compta.INFO: Matched route "home". {"route_parameters":{"_controller":"compta\\Controller\\HomeController::indexAction","_route":"home"},"request_uri":"http://localhost/compta/web/"} []
[2016-10-26 16:02:43] compta.INFO: > GET /compta/web/ [] []
[2016-10-26 16:04:43] compta.INFO: Matched route "home". {"route_parameters":{"_controller":"compta\\Controller\\HomeController::indexAction","_route":"home"},"request_uri":"http://localhost/compta/web/"} []
[2016-10-26 16:04:43] compta.INFO: > GET /compta/web/ [] []
[2016-10-26 16:06:12] compta.INFO: Matched route "home". {"route_parameters":{"_controller":"compta\\Controller\\HomeController::indexAction","_route":"home"},"request_uri":"http://localhost/compta/web/"} []
[2016-10-26 16:06:12] compta.INFO: > GET /compta/web/ [] []
[2016-10-26 16:08:56] compta.INFO: Matched route "home". {"route_parameters":{"_controller":"compta\\Controller\\HomeController::indexAction","_route":"home"},"request_uri":"http://localhost/compta/web/"} []
[2016-10-26 16:08:56] compta.INFO: > GET /compta/web/ [] []
[2016-10-26 16:08:57] compta.INFO: Matched route "home". {"route_parameters":{"_controller":"compta\\Controller\\HomeController::indexAction","_route":"home"},"request_uri":"http://localhost/compta/web/"} []
[2016-10-26 16:08:57] compta.INFO: > GET /compta/web/ [] []
[2016-10-26 16:24:54] compta.INFO: Matched route "home". {"route_parameters":{"_controller":"compta\\Controller\\HomeController::indexAction","_route":"home"},"request_uri":"http://localhost/compta/web/"} []
[2016-10-26 16:24:54] compta.INFO: > GET /compta/web/ [] []
[2016-10-26 16:24:54] compta.INFO: < 200 [] []
[2016-10-26 16:40:36] compta.INFO: Matched route "home". {"route_parameters":{"_controller":"compta\\Controller\\HomeController::indexAction","_route":"home"},"request_uri":"http://localhost/compta/web/"} []
[2016-10-26 16:40:36] compta.INFO: > GET /compta/web/ [] []
[2016-10-26 16:40:36] compta.INFO: < 200 [] []
[2016-10-26 16:40:37] compta.INFO: Matched route "home". {"route_parameters":{"_controller":"compta\\Controller\\HomeController::indexAction","_route":"home"},"request_uri":"http://localhost/compta/web/"} []
[2016-10-26 16:40:37] compta.INFO: > GET /compta/web/ [] []
[2016-10-26 16:40:37] compta.INFO: < 200 [] []
[2016-10-26 16:42:05] compta.INFO: Matched route "home". {"route_parameters":{"_controller":"compta\\Controller\\HomeController::indexAction","_route":"home"},"request_uri":"http://localhost/compta/web/"} []
[2016-10-26 16:42:05] compta.INFO: > GET /compta/web/ [] []
[2016-10-26 16:42:05] compta.INFO: < 200 [] []
[2016-10-26 16:42:06] compta.INFO: Matched route "home". {"route_parameters":{"_controller":"compta\\Controller\\HomeController::indexAction","_route":"home"},"request_uri":"http://localhost/compta/web/"} []
[2016-10-26 16:42:06] compta.INFO: > GET /compta/web/ [] []
[2016-10-26 16:42:06] compta.INFO: < 200 [] []

[2016-10-27 12:31:37] compta.INFO: Matched route "home". {"route_parameters":{"_controller":"compta\\Controller\\HomeController::indexAction","_route":"home"},"request_uri":"http://localhost/compta/web/"} []
[2016-10-27 12:31:37] compta.INFO: > GET /compta/web/ [] []
[2016-10-27 12:33:50] compta.INFO: Matched route "home". {"route_parameters":{"_controller":"compta\\Controller\\HomeController::indexAction","_route":"home"},"request_uri":"http://localhost/compta/web/"} []
[2016-10-27 12:33:50] compta.INFO: > GET /compta/web/ [] []
[2016-10-27 12:33:50] compta.INFO: < 200 [] []
[2016-10-27 13:38:06] compta.INFO: Matched route "home". {"route_parameters":{"_controller":"compta\\Controller\\HomeController::indexAction","_route":"home"},"request_uri":"http://localhost/compta/web/"} []
[2016-10-27 13:38:06] compta.INFO: > GET /compta/web/ [] []
[2016-10-27 13:38:06] compta.INFO: < 200 [] []
[2016-10-27 13:38:07] compta.INFO: Matched route "home". {"route_parameters":{"_controller":"compta\\Controller\\HomeController::indexAction","_route":"home"},"request_uri":"http://localhost/compta/web/"} []
[2016-10-27 13:38:07] compta.INFO: > GET /compta/web/ [] []
[2016-10-27 13:38:07] compta.INFO: < 200 [] []
[2016-10-27 13:38:07] compta.INFO: Matched route "home". {"route_parameters":{"_controller":"compta\\Controller\\HomeController::indexAction","_route":"home"},"request_uri":"http://localhost/compta/web/"} []
[2016-10-27 13:38:07] compta.INFO: > GET /compta/web/ [] []
[2016-10-27 13:38:07] compta.INFO: < 200 [] []
[2016-10-27 13:38:07] compta.INFO: Matched route "home". {"route_parameters":{"_controller":"compta\\Controller\\HomeController::indexAction","_route":"home"},"request_uri":"http://localhost/compta/web/"} []
[2016-10-27 13:38:07] compta.INFO: > GET /compta/web/ [] []
[2016-10-27 13:38:07] compta.INFO: < 200 [] []
[2016-10-27 13:41:25] compta.INFO: Matched route "home". {"route_parameters":{"_controller":"compta\\Controller\\HomeController::indexAction","_route":"home"},"request_uri":"http://localhost/compta/web/"} []
[2016-10-27 13:41:25] compta.INFO: > GET /compta/web/ [] []
[2016-10-27 13:41:25] compta.INFO: < 200 [] []
[2016-10-27 14:02:41] compta.INFO: Matched route "home". {"route_parameters":{"_controller":"compta\\Controller\\HomeController::indexAction","_route":"home"},"request_uri":"http://localhost/compta/web/"} []
[2016-10-27 14:02:41] compta.INFO: > GET /compta/web/ [] []
[2016-10-27 14:02:41] compta.INFO: < 200 [] []
[2016-10-27 12:37:01] compta.INFO: Matched route "home". {"route_parameters":{"_controller":"compta\\Controller\\HomeController::indexAction","_route":"home"},"request_uri":"http://localhost/"} []
[2016-10-27 12:37:01] compta.INFO: > GET / [] []
[2016-10-27 12:37:01] compta.INFO: < 200 [] []
[2016-10-27 12:37:01] compta.INFO: Matched route "group". {"route_parameters":{"_controller":"compta\\Controller\\HomeController::groupAction","id":"{id}","_route":"group"},"request_uri":"http://localhost/group/{id}"} []
[2016-10-27 12:37:01] compta.INFO: > GET /group/{id} [] []
[2016-10-27 12:38:38] compta.INFO: Matched route "home". {"route_parameters":{"_controller":"compta\\Controller\\HomeController::indexAction","_route":"home"},"request_uri":"http://localhost/"} []
[2016-10-27 12:38:38] compta.INFO: > GET / [] []
[2016-10-27 12:38:38] compta.INFO: < 200 [] []
[2016-10-27 12:38:38] compta.INFO: Matched route "group". {"route_parameters":{"_controller":"compta\\Controller\\HomeController::groupAction","id":"{id}","_route":"group"},"request_uri":"http://localhost/group/{id}"} []
[2016-10-27 12:38:38] compta.INFO: > GET /group/{id} [] []
[2016-10-27 12:44:36] compta.INFO: Matched route "home". {"route_parameters":{"_controller":"compta\\Controller\\HomeController::indexAction","_route":"home"},"request_uri":"http://localhost/"} []
[2016-10-27 12:44:36] compta.INFO: > GET / [] []
[2016-10-27 12:44:36] compta.INFO: < 200 [] []
[2016-10-27 12:44:36] compta.INFO: Matched route "group". {"route_parameters":{"_controller":"compta\\Controller\\HomeController::groupAction","id":"{id}","_route":"group"},"request_uri":"http://localhost/group/{id}"} []
[2016-10-27 12:44:36] compta.INFO: > GET /group/{id} [] []
[2016-10-27 12:49:04] compta.INFO: Matched route "home". {"route_parameters":{"_controller":"compta\\Controller\\HomeController::indexAction","_route":"home"},"request_uri":"http://localhost/"} []
[2016-10-27 12:49:04] compta.INFO: > GET / [] []
[2016-10-27 12:49:04] compta.INFO: < 200 [] []
[2016-10-27 12:49:04] compta.INFO: Matched route "group". {"route_parameters":{"_controller":"compta\\Controller\\HomeController::groupAction","id":"{id}","_route":"group"},"request_uri":"http://localhost/group/{id}"} []
[2016-10-27 12:49:04] compta.INFO: > GET /group/{id} [] []
[2016-10-27 12:50:45] compta.INFO: Matched route "home". {"route_parameters":{"_controller":"compta\\Controller\\HomeController::indexAction","_route":"home"},"request_uri":"http://localhost/"} []
[2016-10-27 12:50:45] compta.INFO: > GET / [] []
[2016-10-27 12:50:45] compta.INFO: < 200 [] []
[2016-10-27 12:50:45] compta.INFO: Matched route "group". {"route_parameters":{"_controller":"compta\\Controller\\HomeController::groupAction","id":"1","_route":"group"},"request_uri":"http://localhost/group/1"} []
[2016-10-27 12:50:45] compta.INFO: > GET /group/1 [] []
[2016-10-27 12:52:21] compta.INFO: Matched route "home". {"route_parameters":{"_controller":"compta\\Controller\\HomeController::indexAction","_route":"home"},"request_uri":"http://localhost/"} []
[2016-10-27 12:52:21] compta.INFO: > GET / [] []
[2016-10-27 12:52:21] compta.INFO: < 200 [] []
[2016-10-27 12:52:21] compta.INFO: Matched route "group". {"route_parameters":{"_controller":"compta\\Controller\\HomeController::groupAction","id":"1","_route":"group"},"request_uri":"http://localhost/group/1"} []
[2016-10-27 12:52:21] compta.INFO: > GET /group/1 [] []
[2016-10-27 12:52:55] compta.INFO: Matched route "home". {"route_parameters":{"_controller":"compta\\Controller\\HomeController::indexAction","_route":"home"},"request_uri":"http://localhost/"} []
[2016-10-27 12:52:55] compta.INFO: > GET / [] []
[2016-10-27 12:52:55] compta.INFO: < 200 [] []
[2016-10-27 12:52:55] compta.INFO: Matched route "group". {"route_parameters":{"_controller":"compta\\Controller\\HomeController::groupAction","id":"1","_route":"group"},"request_uri":"http://localhost/group/1"} []
[2016-10-27 12:52:55] compta.INFO: > GET /group/1 [] []
[2016-10-27 12:52:55] compta.CRITICAL: InvalidArgumentException: Identifier "security.authorization_checker" is not defined. (uncaught exception) at /var/www/html/compta/vendor/pimple/pimple/lib/Pimple.php line 78 {"exception":"[object] (InvalidArgumentException(code: 0): Identifier \"security.authorization_checker\" is not defined. at /var/www/html/compta/vendor/pimple/pimple/lib/Pimple.php:78)"} []
[2016-10-27 12:54:31] compta.INFO: Matched route "home". {"route_parameters":{"_controller":"compta\\Controller\\HomeController::indexAction","_route":"home"},"request_uri":"http://localhost/"} []
[2016-10-27 12:54:31] compta.INFO: > GET / [] []
[2016-10-27 12:54:31] compta.INFO: < 200 [] []
[2016-10-27 12:54:31] compta.INFO: Matched route "group". {"route_parameters":{"_controller":"compta\\Controller\\HomeController::groupAction","id":"1","_route":"group"},"request_uri":"http://localhost/group/1"} []
[2016-10-27 12:54:31] compta.INFO: > GET /group/1 [] []
[2016-10-27 12:54:31] compta.CRITICAL: InvalidArgumentException: Identifier "security.authorization_checker" is not defined. (uncaught exception) at /var/www/html/compta/vendor/pimple/pimple/lib/Pimple.php line 78 {"exception":"[object] (InvalidArgumentException(code: 0): Identifier \"security.authorization_checker\" is not defined. at /var/www/html/compta/vendor/pimple/pimple/lib/Pimple.php:78)"} []
[2016-10-27 12:55:07] compta.INFO: Matched route "home". {"route_parameters":{"_controller":"compta\\Controller\\HomeController::indexAction","_route":"home"},"request_uri":"http://localhost/"} []
[2016-10-27 12:55:07] compta.INFO: > GET / [] []
[2016-10-27 12:55:07] compta.INFO: < 200 [] []
[2016-10-27 12:55:07] compta.INFO: Matched route "group". {"route_parameters":{"_controller":"compta\\Controller\\HomeController::groupAction","id":"1","_route":"group"},"request_uri":"http://localhost/group/1"} []
[2016-10-27 12:55:07] compta.INFO: > GET /group/1 [] []
[2016-10-27 12:55:48] compta.INFO: Matched route "home". {"route_parameters":{"_controller":"compta\\Controller\\HomeController::indexAction","_route":"home"},"request_uri":"http://localhost/"} []
[2016-10-27 12:55:48] compta.INFO: > GET / [] []
[2016-10-27 12:55:48] compta.INFO: < 200 [] []
[2016-10-27 12:55:48] compta.INFO: Matched route "group". {"route_parameters":{"_controller":"compta\\Controller\\HomeController::groupAction","id":"1","_route":"group"},"request_uri":"http://localhost/group/1"} []
[2016-10-27 12:55:48] compta.INFO: > GET /group/1 [] []
[2016-10-27 12:55:48] compta.CRITICAL: Symfony\Component\Debug\Exception\ContextErrorException: Notice: Undefined variable: depenses (uncaught exception) at /var/www/html/compta/src/Controller/HomeController.php line 36 {"exception":"[object] (Symfony\\Component\\Debug\\Exception\\ContextErrorException(code: 0): Notice: Undefined variable: depenses at /var/www/html/compta/src/Controller/HomeController.php:36)"} []
[2016-10-27 12:57:23] compta.INFO: Matched route "home". {"route_parameters":{"_controller":"compta\\Controller\\HomeController::indexAction","_route":"home"},"request_uri":"http://localhost/"} []
[2016-10-27 12:57:23] compta.INFO: > GET / [] []
[2016-10-27 12:57:23] compta.INFO: < 200 [] []
[2016-10-27 12:57:23] compta.INFO: Matched route "group". {"route_parameters":{"_controller":"compta\\Controller\\HomeController::groupAction","id":"1","_route":"group"},"request_uri":"http://localhost/group/1"} []
[2016-10-27 12:57:23] compta.INFO: > GET /group/1 [] []
[2016-10-27 12:57:23] compta.CRITICAL: InvalidArgumentException: The HTTP status code "0" is not valid. (uncaught exception) at /var/www/html/compta/vendor/symfony/http-foundation/Response.php line 458 {"exception":"[object] (InvalidArgumentException(code: 0): The HTTP status code \"0\" is not valid. at /var/www/html/compta/vendor/symfony/http-foundation/Response.php:458)"} []
[2016-10-27 13:01:57] compta.INFO: Matched route "home". {"route_parameters":{"_controller":"compta\\Controller\\HomeController::indexAction","_route":"home"},"request_uri":"http://localhost/"} []
[2016-10-27 13:01:57] compta.INFO: > GET / [] []
[2016-10-27 13:01:57] compta.INFO: < 200 [] []
[2016-10-27 13:01:57] compta.INFO: Matched route "group". {"route_parameters":{"_controller":"compta\\Controller\\HomeController::groupAction","id":"1","_route":"group"},"request_uri":"http://localhost/group/1"} []
[2016-10-27 13:01:57] compta.INFO: > GET /group/1 [] []
[2016-10-27 13:01:57] compta.INFO: < 200 [] []
[2016-10-27 13:03:57] compta.INFO: Matched route "home". {"route_parameters":{"_controller":"compta\\Controller\\HomeController::indexAction","_route":"home"},"request_uri":"http://localhost/"} []
[2016-10-27 13:03:57] compta.INFO: > GET / [] []
[2016-10-27 13:03:57] compta.INFO: < 200 [] []
[2016-10-27 13:03:57] compta.INFO: Matched route "group". {"route_parameters":{"_controller":"compta\\Controller\\HomeController::groupAction","id":"1","_route":"group"},"request_uri":"http://localhost/group/1"} []
[2016-10-27 13:03:57] compta.INFO: > GET /group/1 [] []
[2016-10-27 13:03:57] compta.INFO: < 200 [] []
[2016-10-27 15:04:35] compta.INFO: Matched route "home". {"route_parameters":{"_controller":"compta\\Controller\\HomeController::indexAction","_route":"home"},"request_uri":"http://localhost/compta/web/"} []
[2016-10-27 15:04:35] compta.INFO: > GET /compta/web/ [] []
[2016-10-27 15:04:35] compta.INFO: < 200 [] []
[2016-10-27 15:04:36] compta.INFO: Matched route "home". {"route_parameters":{"_controller":"compta\\Controller\\HomeController::indexAction","_route":"home"},"request_uri":"http://localhost/compta/web/"} []
[2016-10-27 15:04:36] compta.INFO: > GET /compta/web/ [] []
[2016-10-27 15:04:36] compta.INFO: < 200 [] []
[2016-10-27 13:06:27] compta.INFO: Matched route "home". {"route_parameters":{"_controller":"compta\\Controller\\HomeController::indexAction","_route":"home"},"request_uri":"http://localhost/"} []
[2016-10-27 13:06:27] compta.INFO: > GET / [] []
[2016-10-27 13:06:27] compta.INFO: < 200 [] []
[2016-10-27 13:06:27] compta.INFO: Matched route "group". {"route_parameters":{"_controller":"compta\\Controller\\HomeController::groupAction","id":"1","_route":"group"},"request_uri":"http://localhost/group/1"} []
[2016-10-27 13:06:27] compta.INFO: > GET /group/1 [] []
[2016-10-27 13:06:27] compta.INFO: < 200 [] []
[2016-10-27 13:08:21] compta.INFO: Matched route "home". {"route_parameters":{"_controller":"compta\\Controller\\HomeController::indexAction","_route":"home"},"request_uri":"http://localhost/"} []
[2016-10-27 13:08:21] compta.INFO: > GET / [] []
[2016-10-27 13:08:21] compta.INFO: < 200 [] []
[2016-10-27 13:08:21] compta.INFO: Matched route "group". {"route_parameters":{"_controller":"compta\\Controller\\HomeController::groupAction","id":"1","_route":"group"},"request_uri":"http://localhost/group/1"} []
[2016-10-27 13:08:21] compta.INFO: > GET /group/1 [] []
[2016-10-27 13:08:21] compta.INFO: < 200 [] []
[2016-10-27 13:08:49] compta.INFO: Matched route "home". {"route_parameters":{"_controller":"compta\\Controller\\HomeController::indexAction","_route":"home"},"request_uri":"http://localhost/"} []
[2016-10-27 13:08:49] compta.INFO: > GET / [] []
[2016-10-27 13:08:49] compta.INFO: < 200 [] []
[2016-10-27 13:08:49] compta.INFO: Matched route "group". {"route_parameters":{"_controller":"compta\\Controller\\HomeController::groupAction","id":"1","_route":"group"},"request_uri":"http://localhost/group/1"} []
[2016-10-27 13:08:49] compta.INFO: > GET /group/1 [] []
[2016-10-27 13:08:49] compta.INFO: < 200 [] []
[2016-10-27 13:09:46] compta.INFO: Matched route "home". {"route_parameters":{"_controller":"compta\\Controller\\HomeController::indexAction","_route":"home"},"request_uri":"http://localhost/"} []
[2016-10-27 13:09:46] compta.INFO: > GET / [] []
[2016-10-27 13:09:46] compta.INFO: < 200 [] []
[2016-10-27 13:09:46] compta.INFO: Matched route "group". {"route_parameters":{"_controller":"compta\\Controller\\HomeController::groupAction","id":"1","_route":"group"},"request_uri":"http://localhost/group/1"} []
[2016-10-27 13:09:46] compta.INFO: > GET /group/1 [] []
[2016-10-27 13:09:46] compta.INFO: < 200 [] []
[2016-10-27 13:10:33] compta.INFO: Matched route "home". {"route_parameters":{"_controller":"compta\\Controller\\HomeController::indexAction","_route":"home"},"request_uri":"http://localhost/"} []
[2016-10-27 13:10:33] compta.INFO: > GET / [] []
[2016-10-27 13:10:33] compta.INFO: < 200 [] []
[2016-10-27 13:10:33] compta.INFO: Matched route "group". {"route_parameters":{"_controller":"compta\\Controller\\HomeController::groupAction","id":"1","_route":"group"},"request_uri":"http://localhost/group/1"} []
[2016-10-27 13:10:33] compta.INFO: > GET /group/1 [] []
[2016-10-27 13:10:33] compta.INFO: < 200 [] []
[2016-10-27 13:10:59] compta.INFO: Matched route "home". {"route_parameters":{"_controller":"compta\\Controller\\HomeController::indexAction","_route":"home"},"request_uri":"http://localhost/"} []
[2016-10-27 13:10:59] compta.INFO: > GET / [] []
[2016-10-27 13:10:59] compta.INFO: < 200 [] []
[2016-10-27 13:10:59] compta.INFO: Matched route "group". {"route_parameters":{"_controller":"compta\\Controller\\HomeController::groupAction","id":"1","_route":"group"},"request_uri":"http://localhost/group/1"} []
[2016-10-27 13:10:59] compta.INFO: > GET /group/1 [] []
[2016-10-27 13:10:59] compta.INFO: < 200 [] []
[2016-10-27 13:13:24] compta.INFO: Matched route "home". {"route_parameters":{"_controller":"compta\\Controller\\HomeController::indexAction","_route":"home"},"request_uri":"http://localhost/"} []
[2016-10-27 13:13:24] compta.INFO: > GET / [] []
[2016-10-27 13:13:24] compta.INFO: < 200 [] []
[2016-10-27 13:13:24] compta.INFO: Matched route "group". {"route_parameters":{"_controller":"compta\\Controller\\HomeController::groupAction","id":"1","_route":"group"},"request_uri":"http://localhost/group/1"} []
[2016-10-27 13:13:24] compta.INFO: > GET /group/1 [] []
[2016-10-27 13:13:24] compta.INFO: < 200 [] []
[2016-10-27 13:13:48] compta.INFO: Matched route "home". {"route_parameters":{"_controller":"compta\\Controller\\HomeController::indexAction","_route":"home"},"request_uri":"http://localhost/"} []
[2016-10-27 13:13:48] compta.INFO: > GET / [] []
[2016-10-27 13:13:49] compta.INFO: < 200 [] []
[2016-10-27 13:13:49] compta.INFO: Matched route "group". {"route_parameters":{"_controller":"compta\\Controller\\HomeController::groupAction","id":"1","_route":"group"},"request_uri":"http://localhost/group/1"} []
[2016-10-27 13:13:49] compta.INFO: > GET /group/1 [] []
[2016-10-27 13:13:49] compta.INFO: < 200 [] []
[2016-10-27 16:07:37] compta.INFO: Matched route "home". {"route_parameters":{"_controller":"compta\\Controller\\HomeController::indexAction","_route":"home"},"request_uri":"http://localhost/compta/web/"} []
[2016-10-27 16:07:37] compta.INFO: > GET /compta/web/ [] []
[2016-10-27 16:07:37] compta.INFO: < 200 [] []
[2016-10-27 16:07:38] compta.INFO: Matched route "home". {"route_parameters":{"_controller":"compta\\Controller\\HomeController::indexAction","_route":"home"},"request_uri":"http://localhost/compta/web/"} []
[2016-10-27 16:07:38] compta.INFO: > GET /compta/web/ [] []
[2016-10-27 16:07:38] compta.INFO: < 200 [] []
[2016-10-27 14:27:22] compta.INFO: Matched route "home". {"route_parameters":{"_controller":"compta\\Controller\\HomeController::indexAction","_route":"home"},"request_uri":"http://localhost/"} []
[2016-10-27 14:27:22] compta.INFO: > GET / [] []
[2016-10-27 14:27:22] compta.INFO: < 200 [] []
[2016-10-27 14:27:22] compta.INFO: Matched route "group". {"route_parameters":{"_controller":"compta\\Controller\\HomeController::groupAction","id":"1","_route":"group"},"request_uri":"http://localhost/group/1"} []
[2016-10-27 14:27:22] compta.INFO: > GET /group/1 [] []
[2016-10-27 14:27:22] compta.INFO: < 200 [] []
[2016-10-27 14:27:22] compta.INFO: Matched route "admin_group_add". {"route_parameters":{"_controller":"compta\\Controller\\AdminController::addGroupAction","_route":"admin_group_add"},"request_uri":"http://localhost/admin/group/add"} []
[2016-10-27 14:27:22] compta.INFO: > GET /admin/group/add [] []
[2016-10-27 14:28:29] compta.INFO: Matched route "home". {"route_parameters":{"_controller":"compta\\Controller\\HomeController::indexAction","_route":"home"},"request_uri":"http://localhost/"} []
[2016-10-27 14:28:29] compta.INFO: > GET / [] []
[2016-10-27 14:28:29] compta.INFO: < 200 [] []
[2016-10-27 14:28:29] compta.INFO: Matched route "group". {"route_parameters":{"_controller":"compta\\Controller\\HomeController::groupAction","id":"1","_route":"group"},"request_uri":"http://localhost/group/1"} []
[2016-10-27 14:28:29] compta.INFO: > GET /group/1 [] []
[2016-10-27 14:28:29] compta.INFO: < 200 [] []
[2016-10-27 14:28:29] compta.INFO: Matched route "admin_group_add". {"route_parameters":{"_controller":"compta\\Controller\\AdminController::addGroupAction","_route":"admin_group_add"},"request_uri":"http://localhost/admin/group/add"} []
[2016-10-27 14:28:29] compta.INFO: > GET /admin/group/add [] []
[2016-10-27 14:28:29] compta.INFO: < 400 [] []
[2016-10-27 14:29:56] compta.INFO: Matched route "home". {"route_parameters":{"_controller":"compta\\Controller\\HomeController::indexAction","_route":"home"},"request_uri":"http://localhost/"} []
[2016-10-27 14:29:56] compta.INFO: > GET / [] []
[2016-10-27 14:29:56] compta.INFO: < 200 [] []
[2016-10-27 14:29:56] compta.INFO: Matched route "group". {"route_parameters":{"_controller":"compta\\Controller\\HomeController::groupAction","id":"1","_route":"group"},"request_uri":"http://localhost/group/1"} []
[2016-10-27 14:29:56] compta.INFO: > GET /group/1 [] []
[2016-10-27 14:29:56] compta.INFO: < 200 [] []
[2016-10-27 14:29:56] compta.INFO: Matched route "admin_group_add". {"route_parameters":{"_controller":"compta\\Controller\\AdminController::addGroupAction","_route":"admin_group_add"},"request_uri":"http://localhost/admin/group/add"} []
[2016-10-27 14:29:56] compta.INFO: > GET /admin/group/add [] []
[2016-10-27 14:29:56] compta.INFO: < 400 [] []
[2016-10-27 14:30:40] compta.INFO: Matched route "home". {"route_parameters":{"_controller":"compta\\Controller\\HomeController::indexAction","_route":"home"},"request_uri":"http://localhost/"} []
[2016-10-27 14:30:40] compta.INFO: > GET / [] []
[2016-10-27 14:30:40] compta.INFO: < 200 [] []
[2016-10-27 14:30:40] compta.INFO: Matched route "group". {"route_parameters":{"_controller":"compta\\Controller\\HomeController::groupAction","id":"1","_route":"group"},"request_uri":"http://localhost/group/1"} []
[2016-10-27 14:30:40] compta.INFO: > GET /group/1 [] []
[2016-10-27 14:30:40] compta.INFO: < 200 [] []
[2016-10-27 14:30:40] compta.INFO: Matched route "admin_group_add". {"route_parameters":{"_controller":"compta\\Controller\\AdminController::addGroupAction","_route":"admin_group_add"},"request_uri":"http://localhost/admin/group/add"} []
[2016-10-27 14:30:40] compta.INFO: > GET /admin/group/add [] []
[2016-10-27 14:30:40] compta.INFO: < 400 [] []
[2016-10-27 14:41:01] compta.INFO: Matched route "home". {"route_parameters":{"_controller":"compta\\Controller\\HomeController::indexAction","_route":"home"},"request_uri":"http://localhost/"} []
[2016-10-27 14:41:01] compta.INFO: > GET / [] []
[2016-10-27 14:41:01] compta.INFO: < 200 [] []
[2016-10-27 14:41:01] compta.INFO: Matched route "group". {"route_parameters":{"_controller":"compta\\Controller\\HomeController::groupAction","id":"1","_route":"group"},"request_uri":"http://localhost/group/1"} []
[2016-10-27 14:41:01] compta.INFO: > GET /group/1 [] []
[2016-10-27 14:41:01] compta.INFO: < 200 [] []
[2016-10-27 14:41:01] compta.INFO: Matched route "admin_group_add". {"route_parameters":{"_controller":"compta\\Controller\\AdminController::addGroupAction","_route":"admin_group_add"},"request_uri":"http://localhost/admin/group/add"} []
[2016-10-27 14:41:01] compta.INFO: > GET /admin/group/add [] []
[2016-10-27 14:41:01] compta.INFO: < 400 [] []
[2016-10-27 14:42:35] compta.INFO: Matched route "home". {"route_parameters":{"_controller":"compta\\Controller\\HomeController::indexAction","_route":"home"},"request_uri":"http://localhost/"} []
[2016-10-27 14:42:35] compta.INFO: > GET / [] []
[2016-10-27 14:42:35] compta.INFO: < 200 [] []
[2016-10-27 14:42:35] compta.INFO: Matched route "group". {"route_parameters":{"_controller":"compta\\Controller\\HomeController::groupAction","id":"1","_route":"group"},"request_uri":"http://localhost/group/1"} []
[2016-10-27 14:42:35] compta.INFO: > GET /group/1 [] []
[2016-10-27 14:42:35] compta.INFO: < 200 [] []
[2016-10-27 14:42:35] compta.INFO: Matched route "admin_group_add". {"route_parameters":{"_controller":"compta\\Controller\\AdminController::addGroupAction","_route":"admin_group_add"},"request_uri":"http://localhost/admin/group/add"} []
[2016-10-27 14:42:35] compta.INFO: > GET /admin/group/add [] []
[2016-10-27 14:42:35] compta.INFO: < 400 [] []
[2016-10-27 14:43:17] compta.INFO: Matched route "home". {"route_parameters":{"_controller":"compta\\Controller\\HomeController::indexAction","_route":"home"},"request_uri":"http://localhost/"} []
[2016-10-27 14:43:17] compta.INFO: > GET / [] []
[2016-10-27 14:43:17] compta.INFO: < 200 [] []
[2016-10-27 14:43:17] compta.INFO: Matched route "group". {"route_parameters":{"_controller":"compta\\Controller\\HomeController::groupAction","id":"1","_route":"group"},"request_uri":"http://localhost/group/1"} []
[2016-10-27 14:43:17] compta.INFO: > GET /group/1 [] []
[2016-10-27 14:43:17] compta.INFO: < 200 [] []
[2016-10-27 14:43:17] compta.INFO: Matched route "admin_group_add". {"route_parameters":{"_controller":"compta\\Controller\\AdminController::addGroupAction","_route":"admin_group_add"},"request_uri":"http://localhost/admin/group/add"} []
[2016-10-27 14:43:17] compta.INFO: > GET /admin/group/add [] []
[2016-10-27 14:43:17] compta.INFO: < 400 [] []
[2016-10-27 14:44:29] compta.INFO: Matched route "home". {"route_parameters":{"_controller":"compta\\Controller\\HomeController::indexAction","_route":"home"},"request_uri":"http://localhost/"} []
[2016-10-27 14:44:29] compta.INFO: > GET / [] []
[2016-10-27 14:44:29] compta.INFO: < 200 [] []
[2016-10-27 14:44:29] compta.INFO: Matched route "group". {"route_parameters":{"_controller":"compta\\Controller\\HomeController::groupAction","id":"1","_route":"group"},"request_uri":"http://localhost/group/1"} []
[2016-10-27 14:44:29] compta.INFO: > GET /group/1 [] []
[2016-10-27 14:44:29] compta.INFO: < 200 [] []
[2016-10-27 14:44:29] compta.ERROR: Symfony\Component\HttpKernel\Exception\NotFoundHttpException: No route found for "GET /admin/group/1" (uncaught exception) at /var/www/html/compta/vendor/symfony/http-kernel/EventListener/RouterListener.php line 176 {"exception":"[object] (Symfony\\Component\\HttpKernel\\Exception\\NotFoundHttpException(code: 0): No route found for \"GET /admin/group/1\" at /var/www/html/compta/vendor/symfony/http-kernel/EventListener/RouterListener.php:176, Symfony\\Component\\Routing\\Exception\\ResourceNotFoundException(code: 0): No routes found for \"/admin/group/1\". at /var/www/html/compta/vendor/symfony/routing/Matcher/UrlMatcher.php:98)"} []
[2016-10-27 14:45:01] compta.INFO: Matched route "home". {"route_parameters":{"_controller":"compta\\Controller\\HomeController::indexAction","_route":"home"},"request_uri":"http://localhost/"} []
[2016-10-27 14:45:01] compta.INFO: > GET / [] []
[2016-10-27 14:45:02] compta.INFO: < 200 [] []
[2016-10-27 14:45:02] compta.INFO: Matched route "group". {"route_parameters":{"_controller":"compta\\Controller\\HomeController::groupAction","id":"1","_route":"group"},"request_uri":"http://localhost/group/1"} []
[2016-10-27 14:45:02] compta.INFO: > GET /group/1 [] []
[2016-10-27 14:45:02] compta.INFO: < 200 [] []
[2016-10-27 14:45:02] compta.INFO: Matched route "admin_group_add". {"route_parameters":{"_controller":"compta\\Controller\\AdminController::addGroupAction","_route":"admin_group_add"},"request_uri":"http://localhost/admin/group/add"} []
[2016-10-27 14:45:02] compta.INFO: > GET /admin/group/add [] []
[2016-10-27 14:45:02] compta.INFO: < 400 [] []
[2016-10-27 14:45:50] compta.INFO: Matched route "home". {"route_parameters":{"_controller":"compta\\Controller\\HomeController::indexAction","_route":"home"},"request_uri":"http://localhost/"} []
[2016-10-27 14:45:50] compta.INFO: > GET / [] []
[2016-10-27 14:45:50] compta.INFO: < 200 [] []
[2016-10-27 14:45:50] compta.INFO: Matched route "group". {"route_parameters":{"_controller":"compta\\Controller\\HomeController::groupAction","id":"1","_route":"group"},"request_uri":"http://localhost/group/1"} []
[2016-10-27 14:45:50] compta.INFO: > GET /group/1 [] []
[2016-10-27 14:45:50] compta.INFO: < 200 [] []
[2016-10-27 14:45:50] compta.INFO: Matched route "admin_group_add". {"route_parameters":{"_controller":"compta\\Controller\\AdminController::addGroupAction","_route":"admin_group_add"},"request_uri":"http://localhost/admin/group/add"} []
[2016-10-27 14:45:50] compta.INFO: > GET /admin/group/add [] []
[2016-10-27 14:45:50] compta.INFO: < 400 [] []
[2016-10-27 14:46:10] compta.INFO: Matched route "home". {"route_parameters":{"_controller":"compta\\Controller\\HomeController::indexAction","_route":"home"},"request_uri":"http://localhost/"} []
[2016-10-27 14:46:10] compta.INFO: > GET / [] []
[2016-10-27 14:46:10] compta.INFO: < 200 [] []
[2016-10-27 14:46:10] compta.INFO: Matched route "group". {"route_parameters":{"_controller":"compta\\Controller\\HomeController::groupAction","id":"1","_route":"group"},"request_uri":"http://localhost/group/1"} []
[2016-10-27 14:46:10] compta.INFO: > GET /group/1 [] []
[2016-10-27 14:46:10] compta.INFO: < 200 [] []
[2016-10-27 14:46:10] compta.INFO: Matched route "admin_group_add". {"route_parameters":{"_controller":"compta\\Controller\\AdminController::addGroupAction","_route":"admin_group_add"},"request_uri":"http://localhost/admin/group/add"} []
[2016-10-27 14:46:10] compta.INFO: > GET /admin/group/add [] []
[2016-10-27 14:46:10] compta.INFO: < 400 [] []
[2016-10-27 16:48:38] compta.INFO: Matched route "home". {"route_parameters":{"_controller":"compta\\Controller\\HomeController::indexAction","_route":"home"},"request_uri":"http://localhost/compta/web/"} []
[2016-10-27 16:48:38] compta.INFO: > GET /compta/web/ [] []
[2016-10-27 16:48:38] compta.INFO: < 200 [] []
[2016-10-27 16:48:39] compta.INFO: Matched route "home". {"route_parameters":{"_controller":"compta\\Controller\\HomeController::indexAction","_route":"home"},"request_uri":"http://localhost/compta/web/"} []
[2016-10-27 16:48:39] compta.INFO: > GET /compta/web/ [] []
[2016-10-27 16:48:39] compta.INFO: < 200 [] []
[2016-10-27 16:48:49] compta.INFO: Matched route "home". {"route_parameters":{"_controller":"compta\\Controller\\HomeController::indexAction","_route":"home"},"request_uri":"http://localhost/compta/web/"} []
[2016-10-27 16:48:49] compta.INFO: > GET /compta/web/ [] []
[2016-10-27 16:48:49] compta.INFO: < 200 [] []
[2016-10-27 14:51:20] compta.INFO: Matched route "home". {"route_parameters":{"_controller":"compta\\Controller\\HomeController::indexAction","_route":"home"},"request_uri":"http://localhost/"} []
[2016-10-27 14:51:21] compta.INFO: > GET / [] []
[2016-10-27 14:51:21] compta.INFO: < 200 [] []
[2016-10-27 14:51:21] compta.INFO: Matched route "group". {"route_parameters":{"_controller":"compta\\Controller\\HomeController::groupAction","id":"1","_route":"group"},"request_uri":"http://localhost/group/1"} []
[2016-10-27 14:51:21] compta.INFO: > GET /group/1 [] []
[2016-10-27 14:51:21] compta.INFO: < 200 [] []
[2016-10-27 14:51:21] compta.INFO: Matched route "admin_group_add". {"route_parameters":{"_controller":"compta\\Controller\\AdminController::addGroupAction","_route":"admin_group_add"},"request_uri":"http://localhost/admin/group/add"} []
[2016-10-27 14:51:21] compta.INFO: > GET /admin/group/add [] []
[2016-10-27 14:51:21] compta.INFO: < 400 [] []
[2016-10-27 16:52:38] compta.INFO: Matched route "admin_group_add". {"route_parameters":{"_controller":"compta\\Controller\\AdminController::addGroupAction","_route":"admin_group_add"},"request_uri":"http://compta/admin/group/add"} []
[2016-10-27 16:52:38] compta.INFO: > GET /admin/group/add [] []
[2016-10-27 16:52:38] compta.INFO: < 400 [] []
[2016-10-27 16:52:38] compta.ERROR: Symfony\Component\HttpKernel\Exception\NotFoundHttpException: No route found for "GET /favicon.ico" (uncaught exception) at /var/www/html/compta/vendor/symfony/http-kernel/EventListener/RouterListener.php line 176 {"exception":"[object] (Symfony\\Component\\HttpKernel\\Exception\\NotFoundHttpException(code: 0): No route found for \"GET /favicon.ico\" at /var/www/html/compta/vendor/symfony/http-kernel/EventListener/RouterListener.php:176, Symfony\\Component\\Routing\\Exception\\ResourceNotFoundException(code: 0): No routes found for \"/favicon.ico\". at /var/www/html/compta/vendor/symfony/routing/Matcher/UrlMatcher.php:98)"} []
[2016-10-27 16:52:38] compta.INFO: < 404 [] []
[2016-10-27 16:52:38] compta.ERROR: Symfony\Component\HttpKernel\Exception\NotFoundHttpException: No route found for "GET /favicon.ico" (uncaught exception) at /var/www/html/compta/vendor/symfony/http-kernel/EventListener/RouterListener.php line 176 {"exception":"[object] (Symfony\\Component\\HttpKernel\\Exception\\NotFoundHttpException(code: 0): No route found for \"GET /favicon.ico\" at /var/www/html/compta/vendor/symfony/http-kernel/EventListener/RouterListener.php:176, Symfony\\Component\\Routing\\Exception\\ResourceNotFoundException(code: 0): No routes found for \"/favicon.ico\". at /var/www/html/compta/vendor/symfony/routing/Matcher/UrlMatcher.php:98)"} []
[2016-10-27 16:52:38] compta.INFO: < 404 [] []
[2016-10-27 14:59:44] compta.INFO: Matched route "home". {"route_parameters":{"_controller":"compta\\Controller\\HomeController::indexAction","_route":"home"},"request_uri":"http://localhost/"} []
[2016-10-27 14:59:44] compta.INFO: > GET / [] []
[2016-10-27 14:59:44] compta.INFO: < 200 [] []
[2016-10-27 14:59:44] compta.INFO: Matched route "group". {"route_parameters":{"_controller":"compta\\Controller\\HomeController::groupAction","id":"1","_route":"group"},"request_uri":"http://localhost/group/1"} []
[2016-10-27 14:59:44] compta.INFO: > GET /group/1 [] []
[2016-10-27 14:59:44] compta.INFO: < 200 [] []
[2016-10-27 14:59:44] compta.INFO: Matched route "admin_group_add". {"route_parameters":{"_controller":"compta\\Controller\\AdminController::addGroupAction","_route":"admin_group_add"},"request_uri":"http://localhost/admin/group/add"} []
[2016-10-27 14:59:44] compta.INFO: > GET /admin/group/add [] []
[2016-10-27 14:59:44] compta.INFO: < 400 [] []
[2016-10-27 15:04:38] compta.INFO: Matched route "home". {"route_parameters":{"_controller":"compta\\Controller\\HomeController::indexAction","_route":"home"},"request_uri":"http://localhost/"} []
[2016-10-27 15:04:38] compta.INFO: > GET / [] []
[2016-10-27 15:04:38] compta.INFO: < 200 [] []
[2016-10-27 15:04:38] compta.INFO: Matched route "group". {"route_parameters":{"_controller":"compta\\Controller\\HomeController::groupAction","id":"1","_route":"group"},"request_uri":"http://localhost/group/1"} []
[2016-10-27 15:04:38] compta.INFO: > GET /group/1 [] []
[2016-10-27 15:04:38] compta.INFO: < 200 [] []
[2016-10-27 15:04:38] compta.INFO: Matched route "admin_group_add". {"route_parameters":{"_controller":"compta\\Controller\\AdminController::addGroupAction","_route":"admin_group_add"},"request_uri":"http://localhost/admin/group/add"} []
[2016-10-27 15:04:38] compta.INFO: > GET /admin/group/add [] []
[2016-10-27 15:04:38] compta.INFO: < 400 [] []
[2016-10-27 17:04:57] compta.INFO: Matched route "admin_group_add". {"route_parameters":{"_controller":"compta\\Controller\\AdminController::addGroupAction","_route":"admin_group_add"},"request_uri":"http://compta/admin/group/add"} []
[2016-10-27 17:04:57] compta.INFO: > GET /admin/group/add [] []
[2016-10-27 17:04:57] compta.INFO: < 400 [] []
[2016-10-27 17:04:59] compta.INFO: Matched route "admin_group_add". {"route_parameters":{"_controller":"compta\\Controller\\AdminController::addGroupAction","_route":"admin_group_add"},"request_uri":"http://compta/admin/group/add"} []
[2016-10-27 17:04:59] compta.INFO: > GET /admin/group/add [] []
[2016-10-27 17:04:59] compta.INFO: < 400 [] []
[2016-10-27 15:05:18] compta.INFO: Matched route "home". {"route_parameters":{"_controller":"compta\\Controller\\HomeController::indexAction","_route":"home"},"request_uri":"http://localhost/"} []
[2016-10-27 15:05:18] compta.INFO: > GET / [] []
[2016-10-27 15:05:18] compta.INFO: < 200 [] []
[2016-10-27 15:05:18] compta.INFO: Matched route "group". {"route_parameters":{"_controller":"compta\\Controller\\HomeController::groupAction","id":"1","_route":"group"},"request_uri":"http://localhost/group/1"} []
[2016-10-27 15:05:18] compta.INFO: > GET /group/1 [] []
[2016-10-27 15:05:18] compta.INFO: < 200 [] []
[2016-10-27 15:05:18] compta.INFO: Matched route "admin_group_add". {"route_parameters":{"_controller":"compta\\Controller\\AdminController::addGroupAction","_route":"admin_group_add"},"request_uri":"http://localhost/admin/group/add"} []
[2016-10-27 15:05:18] compta.INFO: > GET /admin/group/add [] []
[2016-10-27 15:05:18] compta.INFO: < 400 [] []
[2016-10-27 17:05:28] compta.INFO: Matched route "admin_group_add". {"route_parameters":{"_controller":"compta\\Controller\\AdminController::addGroupAction","_route":"admin_group_add"},"request_uri":"http://compta/admin/group/add"} []
[2016-10-27 17:05:28] compta.INFO: > GET /admin/group/add [] []
[2016-10-27 17:05:28] compta.INFO: < 400 [] []
[2016-10-27 17:06:47] compta.INFO: Matched route "admin_group_add". {"route_parameters":{"_controller":"compta\\Controller\\AdminController::addGroupAction","_route":"admin_group_add"},"request_uri":"http://compta/admin/group/add"} []
[2016-10-27 17:06:47] compta.INFO: > GET /admin/group/add [] []
[2016-10-27 17:06:47] compta.INFO: < 400 [] []
[2016-10-27 17:06:48] compta.INFO: Matched route "admin_group_add". {"route_parameters":{"_controller":"compta\\Controller\\AdminController::addGroupAction","_route":"admin_group_add"},"request_uri":"http://compta/admin/group/add"} []
[2016-10-27 17:06:48] compta.INFO: > GET /admin/group/add [] []
[2016-10-27 17:06:48] compta.INFO: < 400 [] []
[2016-10-27 15:06:52] compta.INFO: Matched route "home". {"route_parameters":{"_controller":"compta\\Controller\\HomeController::indexAction","_route":"home"},"request_uri":"http://localhost/"} []
[2016-10-27 15:06:52] compta.INFO: > GET / [] []
[2016-10-27 15:06:52] compta.INFO: < 200 [] []
[2016-10-27 15:06:52] compta.INFO: Matched route "group". {"route_parameters":{"_controller":"compta\\Controller\\HomeController::groupAction","id":"1","_route":"group"},"request_uri":"http://localhost/group/1"} []
[2016-10-27 15:06:52] compta.INFO: > GET /group/1 [] []
[2016-10-27 15:06:52] compta.INFO: < 200 [] []
[2016-10-27 15:06:52] compta.INFO: Matched route "admin_group_add". {"route_parameters":{"_controller":"compta\\Controller\\AdminController::addGroupAction","_route":"admin_group_add"},"request_uri":"http://localhost/admin/group/add"} []
[2016-10-27 15:06:52] compta.INFO: > GET /admin/group/add [] []
[2016-10-27 15:06:52] compta.INFO: < 400 [] []
[2016-10-27 17:08:01] compta.INFO: Matched route "admin_group_add". {"route_parameters":{"_controller":"compta\\Controller\\AdminController::addGroupAction","_route":"admin_group_add"},"request_uri":"http://compta/admin/group/add"} []
[2016-10-27 17:08:01] compta.INFO: > GET /admin/group/add [] []
[2016-10-27 17:08:01] compta.INFO: < 400 [] []
[2016-10-27 17:08:02] compta.INFO: Matched route "admin_group_add". {"route_parameters":{"_controller":"compta\\Controller\\AdminController::addGroupAction","_route":"admin_group_add"},"request_uri":"http://compta/admin/group/add"} []
[2016-10-27 17:08:02] compta.INFO: > GET /admin/group/add [] []
[2016-10-27 17:08:02] compta.INFO: < 400 [] []
[2016-10-27 15:08:16] compta.INFO: Matched route "home". {"route_parameters":{"_controller":"compta\\Controller\\HomeController::indexAction","_route":"home"},"request_uri":"http://localhost/"} []
[2016-10-27 15:08:16] compta.INFO: > GET / [] []
[2016-10-27 15:08:16] compta.INFO: < 200 [] []
[2016-10-27 15:08:16] compta.INFO: Matched route "group". {"route_parameters":{"_controller":"compta\\Controller\\HomeController::groupAction","id":"1","_route":"group"},"request_uri":"http://localhost/group/1"} []
[2016-10-27 15:08:16] compta.INFO: > GET /group/1 [] []
[2016-10-27 15:08:16] compta.INFO: < 200 [] []
[2016-10-27 15:08:16] compta.INFO: Matched route "admin_group_add". {"route_parameters":{"_controller":"compta\\Controller\\AdminController::addGroupAction","_route":"admin_group_add"},"request_uri":"http://localhost/admin/group/add"} []
[2016-10-27 15:08:16] compta.INFO: > GET /admin/group/add [] []
[2016-10-27 15:08:16] compta.INFO: < 400 [] []
[2016-10-27 15:08:34] compta.INFO: Matched route "home". {"route_parameters":{"_controller":"compta\\Controller\\HomeController::indexAction","_route":"home"},"request_uri":"http://localhost/"} []
[2016-10-27 15:08:34] compta.INFO: > GET / [] []
[2016-10-27 15:08:34] compta.INFO: < 200 [] []
[2016-10-27 15:08:34] compta.INFO: Matched route "group". {"route_parameters":{"_controller":"compta\\Controller\\HomeController::groupAction","id":"1","_route":"group"},"request_uri":"http://localhost/group/1"} []
[2016-10-27 15:08:34] compta.INFO: > GET /group/1 [] []
[2016-10-27 15:08:34] compta.INFO: < 200 [] []
[2016-10-27 15:08:34] compta.INFO: Matched route "admin_group_add". {"route_parameters":{"_controller":"compta\\Controller\\AdminController::addGroupAction","_route":"admin_group_add"},"request_uri":"http://localhost/admin/group/add"} []
[2016-10-27 15:08:34] compta.INFO: > GET /admin/group/add [] []
[2016-10-27 15:08:34] compta.INFO: < 400 [] []
[2016-10-27 15:15:12] compta.INFO: Matched route "home". {"route_parameters":{"_controller":"compta\\Controller\\HomeController::indexAction","_route":"home"},"request_uri":"http://localhost/"} []
[2016-10-27 15:15:12] compta.INFO: > GET / [] []
[2016-10-27 15:15:12] compta.INFO: < 200 [] []
[2016-10-27 15:15:12] compta.INFO: Matched route "group". {"route_parameters":{"_controller":"compta\\Controller\\HomeController::groupAction","id":"1","_route":"group"},"request_uri":"http://localhost/group/1"} []
[2016-10-27 15:15:12] compta.INFO: > GET /group/1 [] []
[2016-10-27 15:15:12] compta.INFO: < 200 [] []
[2016-10-27 15:15:12] compta.INFO: Matched route "admin_group_add". {"route_parameters":{"_controller":"compta\\Controller\\AdminController::addGroupAction","_route":"admin_group_add"},"request_uri":"http://localhost/admin/group/add"} []
[2016-10-27 15:15:12] compta.INFO: > GET /admin/group/add [] []
[2016-10-27 15:15:12] compta.INFO: < 400 [] []
[2016-10-27 15:16:12] compta.INFO: Matched route "home". {"route_parameters":{"_controller":"compta\\Controller\\HomeController::indexAction","_route":"home"},"request_uri":"http://localhost/"} []
[2016-10-27 15:16:12] compta.INFO: > GET / [] []
[2016-10-27 15:16:13] compta.INFO: < 200 [] []
[2016-10-27 15:16:13] compta.INFO: Matched route "group". {"route_parameters":{"_controller":"compta\\Controller\\HomeController::groupAction","id":"1","_route":"group"},"request_uri":"http://localhost/group/1"} []
[2016-10-27 15:16:13] compta.INFO: > GET /group/1 [] []
[2016-10-27 15:16:13] compta.INFO: < 200 [] []
[2016-10-27 15:16:13] compta.INFO: Matched route "admin_group_add". {"route_parameters":{"_controller":"compta\\Controller\\AdminController::addGroupAction","_route":"admin_group_add"},"request_uri":"http://localhost/admin/group/add"} []
[2016-10-27 15:16:13] compta.INFO: > GET /admin/group/add [] []
[2016-10-27 15:16:13] compta.INFO: < 400 [] []
[2016-10-27 15:24:29] compta.INFO: Matched route "home". {"route_parameters":{"_controller":"compta\\Controller\\HomeController::indexAction","_route":"home"},"request_uri":"http://localhost/"} []
[2016-10-27 15:24:29] compta.INFO: > GET / [] []
[2016-10-27 15:24:29] compta.INFO: < 200 [] []
[2016-10-27 15:24:29] compta.INFO: Matched route "group". {"route_parameters":{"_controller":"compta\\Controller\\HomeController::groupAction","id":"1","_route":"group"},"request_uri":"http://localhost/group/1"} []
[2016-10-27 15:24:29] compta.INFO: > GET /group/1 [] []
[2016-10-27 15:24:29] compta.INFO: < 200 [] []
[2016-10-27 15:24:29] compta.INFO: Matched route "admin_group_add". {"route_parameters":{"_controller":"compta\\Controller\\AdminController::addGroupAction","_route":"admin_group_add"},"request_uri":"http://localhost/admin/group/add"} []
[2016-10-27 15:24:29] compta.INFO: > GET /admin/group/add [] []
[2016-10-27 15:24:29] compta.INFO: < 400 [] []
[2016-10-27 15:25:05] compta.INFO: Matched route "home". {"route_parameters":{"_controller":"compta\\Controller\\HomeController::indexAction","_route":"home"},"request_uri":"http://localhost/"} []
[2016-10-27 15:25:05] compta.INFO: > GET / [] []
[2016-10-27 15:25:05] compta.INFO: < 200 [] []
[2016-10-27 15:25:05] compta.INFO: Matched route "group". {"route_parameters":{"_controller":"compta\\Controller\\HomeController::groupAction","id":"1","_route":"group"},"request_uri":"http://localhost/group/1"} []
[2016-10-27 15:25:05] compta.INFO: > GET /group/1 [] []
[2016-10-27 15:25:05] compta.INFO: < 200 [] []
[2016-10-27 15:25:05] compta.INFO: Matched route "admin_group_add". {"route_parameters":{"_controller":"compta\\Controller\\AdminController::addGroupAction","_route":"admin_group_add"},"request_uri":"http://localhost/admin/group/add"} []
[2016-10-27 15:25:05] compta.INFO: > GET /admin/group/add [] []
[2016-10-27 15:25:05] compta.INFO: < 400 [] []
[2016-10-27 15:25:27] compta.INFO: Matched route "home". {"route_parameters":{"_controller":"compta\\Controller\\HomeController::indexAction","_route":"home"},"request_uri":"http://localhost/"} []
[2016-10-27 15:25:27] compta.INFO: > GET / [] []
[2016-10-27 15:25:27] compta.INFO: < 200 [] []
[2016-10-27 15:25:27] compta.INFO: Matched route "group". {"route_parameters":{"_controller":"compta\\Controller\\HomeController::groupAction","id":"1","_route":"group"},"request_uri":"http://localhost/group/1"} []
[2016-10-27 15:25:27] compta.INFO: > GET /group/1 [] []
[2016-10-27 15:25:27] compta.INFO: < 200 [] []
[2016-10-27 15:25:27] compta.INFO: Matched route "admin_group_add". {"route_parameters":{"_controller":"compta\\Controller\\AdminController::addGroupAction","_route":"admin_group_add"},"request_uri":"http://localhost/admin/group/add"} []
[2016-10-27 15:25:27] compta.INFO: > GET /admin/group/add [] []
[2016-10-27 15:25:27] compta.INFO: < 400 [] []
[2016-10-27 15:26:00] compta.INFO: Matched route "home". {"route_parameters":{"_controller":"compta\\Controller\\HomeController::indexAction","_route":"home"},"request_uri":"http://localhost/"} []
[2016-10-27 15:26:00] compta.INFO: > GET / [] []
[2016-10-27 15:26:00] compta.INFO: < 200 [] []
[2016-10-27 15:26:00] compta.INFO: Matched route "group". {"route_parameters":{"_controller":"compta\\Controller\\HomeController::groupAction","id":"1","_route":"group"},"request_uri":"http://localhost/group/1"} []
[2016-10-27 15:26:00] compta.INFO: > GET /group/1 [] []
[2016-10-27 15:26:00] compta.INFO: < 200 [] []
[2016-10-27 15:26:00] compta.INFO: Matched route "admin_group_add". {"route_parameters":{"_controller":"compta\\Controller\\AdminController::addGroupAction","_route":"admin_group_add"},"request_uri":"http://localhost/admin/group/add"} []
[2016-10-27 15:26:00] compta.INFO: > GET /admin/group/add [] []
[2016-10-27 15:26:00] compta.INFO: < 400 [] []
[2016-10-27 15:26:23] compta.INFO: Matched route "home". {"route_parameters":{"_controller":"compta\\Controller\\HomeController::indexAction","_route":"home"},"request_uri":"http://localhost/"} []
[2016-10-27 15:26:23] compta.INFO: > GET / [] []
[2016-10-27 15:26:23] compta.INFO: < 200 [] []
[2016-10-27 15:26:23] compta.INFO: Matched route "group". {"route_parameters":{"_controller":"compta\\Controller\\HomeController::groupAction","id":"1","_route":"group"},"request_uri":"http://localhost/group/1"} []
[2016-10-27 15:26:23] compta.INFO: > GET /group/1 [] []
[2016-10-27 15:26:23] compta.INFO: < 200 [] []
[2016-10-27 15:26:23] compta.INFO: Matched route "admin_group_add". {"route_parameters":{"_controller":"compta\\Controller\\AdminController::addGroupAction","_route":"admin_group_add"},"request_uri":"http://localhost/admin/group/add"} []
[2016-10-27 15:26:23] compta.INFO: > GET /admin/group/add [] []
[2016-10-27 15:26:23] compta.INFO: < 400 [] []
